<?xml version="1.0" encoding="UTF-8" standalone="yes"?>
<testsuites name="Practice_Test_Suite_Git_1" time="26" tests="3" failures="0" errors="0">
    <testsuite name="Practice_Test_Suite_Git_1" tests="3" failures="0" errors="0" time="26" timestamp="2019-11-19 09:40:28" hostname="DESKTOP-66LKLS4$ - DESKTOP-66LKLS4.lan" id="Test Suites/Practice_Test_Suite_Git_1">
        <properties>
            <property name="deviceName" value=""/>
            <property name="devicePlatform" value=""/>
            <property name="logFolder" value="C:\\Users\\Silvester\\git\\ASA_Katalon_Practice_Repo_1\\Reports\\Practice_Test_Suite_Git_1\\20191119_094026"/>
            <property name="logFiles" value="C:\\Users\\Silvester\\git\\ASA_Katalon_Practice_Repo_1\\Reports\\Practice_Test_Suite_Git_1\\20191119_094026\\execution0.log"/>
            <property name="attachments" value=""/>
            <property name="hostName" value="DESKTOP-66LKLS4$ - DESKTOP-66LKLS4.lan"/>
            <property name="os" value="Windows 10 64bit"/>
            <property name="katalonVersion" value="6.2.1.2"/>
            <property name="browser" value="Firefox 70.0"/>
            <property name="hostAddress" value="192.168.1.68"/>
            <property name="sessionId" value="a3ce5684-8579-43a4-a2d3-b7a52777c0e2"/>
            <property name="seleniumVersion" value="3.141.59"/>
            <property name="proxyInformation" value="ProxyInformation{proxyOption=NO_PROXY, proxyServerType=HTTP, password=, proxyServerAddress=, proxyServerPort=0}"/>
            <property name="platform" value="Windows 10"/>
        </properties>
        <testcase name="Test Cases/tc_0_1_1_ASA_Practice_Git_TC" classname="Test Cases/tc_0_1_1_ASA_Practice_Git_TC" status="PASSED">
            <system-out>2019-11-19 09:40:28 - [TEST_CASE][PASSED] - Test Cases/tc_0_1_1_ASA_Practice_Git_TC: Test Cases/tc_0_1_1_ASA_Practice_Git_TC&#xD;
&#xD;
2019-11-19 09:40:28 - [TEST_STEP][PASSED] - openBrowser(""): Browser is opened with url: ''&#xD;
&#xD;
2019-11-19 09:40:28 - [MESSAGE][INFO] - Starting 'Firefox' driver&#xD;
&#xD;
2019-11-19 09:40:28 - [MESSAGE][INFO] - Action delay is set to 0 seconds&#xD;
&#xD;
2019-11-19 09:40:33 - [MESSAGE][PASSED] - Browser is opened with url: ''&#xD;
&#xD;
2019-11-19 09:40:33 - [TEST_STEP][PASSED] - navigateToUrl("https://www.asaquality.ee/"): Navigate to 'https://www.asaquality.ee/' successfully&#xD;
&#xD;
2019-11-19 09:40:34 - [MESSAGE][PASSED] - Navigate to 'https://www.asaquality.ee/' successfully&#xD;
&#xD;
2019-11-19 09:40:34 - [TEST_STEP][PASSED] - closeBrowser(): Browser is closed&#xD;
&#xD;
2019-11-19 09:40:35 - [MESSAGE][PASSED] - Browser is closed</system-out>
            <system-err></system-err>
        </testcase>
        <testcase name="Test Cases/tc_0_1_2_ASA_Practice_Git_TC" classname="Test Cases/tc_0_1_2_ASA_Practice_Git_TC" status="PASSED">
            <system-out>2019-11-19 09:40:35 - [TEST_CASE][PASSED] - Test Cases/tc_0_1_2_ASA_Practice_Git_TC: Test Cases/tc_0_1_2_ASA_Practice_Git_TC&#xD;
&#xD;
2019-11-19 09:40:35 - [TEST_STEP][PASSED] - openBrowser(""): Browser is opened with url: ''&#xD;
&#xD;
2019-11-19 09:40:35 - [MESSAGE][INFO] - Starting 'Firefox' driver&#xD;
&#xD;
2019-11-19 09:40:38 - [MESSAGE][PASSED] - Browser is opened with url: ''&#xD;
&#xD;
2019-11-19 09:40:38 - [TEST_STEP][PASSED] - navigateToUrl("https://www.helmes.com/"): Navigate to 'https://www.helmes.com/' successfully&#xD;
&#xD;
2019-11-19 09:40:40 - [MESSAGE][PASSED] - Navigate to 'https://www.helmes.com/' successfully&#xD;
&#xD;
2019-11-19 09:40:40 - [TEST_STEP][PASSED] - closeBrowser(): Browser is closed&#xD;
&#xD;
2019-11-19 09:40:42 - [MESSAGE][PASSED] - Browser is closed</system-out>
            <system-err></system-err>
        </testcase>
        <testcase name="Test Cases/tc_0_1_3_ASA_Practice_Git_TC" classname="Test Cases/tc_0_1_3_ASA_Practice_Git_TC" status="PASSED">
            <system-out>2019-11-19 09:40:42 - [TEST_CASE][PASSED] - Test Cases/tc_0_1_3_ASA_Practice_Git_TC: Test Cases/tc_0_1_3_ASA_Practice_Git_TC&#xD;
&#xD;
2019-11-19 09:40:42 - [TEST_STEP][PASSED] - openBrowser(""): Browser is opened with url: ''&#xD;
&#xD;
2019-11-19 09:40:42 - [MESSAGE][INFO] - Starting 'Firefox' driver&#xD;
&#xD;
2019-11-19 09:40:44 - [MESSAGE][PASSED] - Browser is opened with url: ''&#xD;
&#xD;
2019-11-19 09:40:44 - [TEST_STEP][PASSED] - navigateToUrl("https://home.kuehne-nagel.com/?no_mobile=1"): Navigate to 'https://home.kuehne-nagel.com/?no_mobile=1' successfully&#xD;
&#xD;
2019-11-19 09:40:53 - [MESSAGE][PASSED] - Navigate to 'https://home.kuehne-nagel.com/?no_mobile=1' successfully&#xD;
&#xD;
2019-11-19 09:40:53 - [TEST_STEP][PASSED] - closeBrowser(): Browser is closed&#xD;
&#xD;
2019-11-19 09:40:54 - [MESSAGE][PASSED] - Browser is closed</system-out>
            <system-err></system-err>
        </testcase>
        <system-out>2019-11-19 09:40:28 - [TEST_SUITE][INCOMPLETE] - Practice_Test_Suite_Git_1: null</system-out>
        <system-err>2019-11-19 09:40:28 - [TEST_SUITE][INCOMPLETE] - Practice_Test_Suite_Git_1: null</system-err>
    </testsuite>
</testsuites>
