<?xml version="1.0" encoding="UTF-8" standalone="yes"?>
<testsuites name="Practice_Test_Suite_Git_1" time="26" tests="3" failures="0" errors="0">
    <testsuite name="Practice_Test_Suite_Git_1" tests="3" failures="0" errors="0" time="26" timestamp="2019-11-18 09:47:53" hostname="DESKTOP-66LKLS4$ - DESKTOP-66LKLS4.lan" id="Test Suites/Practice_Test_Suite_Git_1">
        <properties>
            <property name="deviceName" value=""/>
            <property name="devicePlatform" value=""/>
            <property name="logFolder" value="C:\\Users\\Silvester\\git\\ASA_Katalon_Practice_Repo_1\\Reports\\Practice_Test_Suite_Git_1\\20191118_094751"/>
            <property name="logFiles" value="C:\\Users\\Silvester\\git\\ASA_Katalon_Practice_Repo_1\\Reports\\Practice_Test_Suite_Git_1\\20191118_094751\\execution0.log"/>
            <property name="attachments" value=""/>
            <property name="hostName" value="DESKTOP-66LKLS4$ - DESKTOP-66LKLS4.lan"/>
            <property name="os" value="Windows 10 64bit"/>
            <property name="katalonVersion" value="6.2.1.2"/>
            <property name="browser" value="Firefox 70.0"/>
            <property name="hostAddress" value="192.168.1.68"/>
            <property name="sessionId" value="48e79c73-c686-4ee2-b192-2d912078b6b0"/>
            <property name="seleniumVersion" value="3.141.59"/>
            <property name="proxyInformation" value="ProxyInformation{proxyOption=NO_PROXY, proxyServerType=HTTP, password=, proxyServerAddress=, proxyServerPort=0}"/>
            <property name="platform" value="Windows 10"/>
        </properties>
        <testcase name="Test Cases/tc_0_1_1_ASA_Practice_Git_TC" classname="Test Cases/tc_0_1_1_ASA_Practice_Git_TC" status="PASSED">
            <system-out>2019-11-18 09:47:53 - [TEST_CASE][PASSED] - Test Cases/tc_0_1_1_ASA_Practice_Git_TC: Test Cases/tc_0_1_1_ASA_Practice_Git_TC&#xD;
&#xD;
2019-11-18 09:47:53 - [TEST_STEP][PASSED] - openBrowser(""): Browser is opened with url: ''&#xD;
&#xD;
2019-11-18 09:47:54 - [MESSAGE][INFO] - Starting 'Firefox' driver&#xD;
&#xD;
2019-11-18 09:47:54 - [MESSAGE][INFO] - Action delay is set to 0 seconds&#xD;
&#xD;
2019-11-18 09:47:58 - [MESSAGE][PASSED] - Browser is opened with url: ''&#xD;
&#xD;
2019-11-18 09:47:58 - [TEST_STEP][PASSED] - navigateToUrl("https://www.asaquality.ee/"): Navigate to 'https://www.asaquality.ee/' successfully&#xD;
&#xD;
2019-11-18 09:48:00 - [MESSAGE][PASSED] - Navigate to 'https://www.asaquality.ee/' successfully&#xD;
&#xD;
2019-11-18 09:48:00 - [TEST_STEP][PASSED] - closeBrowser(): Browser is closed&#xD;
&#xD;
2019-11-18 09:48:01 - [MESSAGE][PASSED] - Browser is closed</system-out>
            <system-err></system-err>
        </testcase>
        <testcase name="Test Cases/tc_0_1_2_ASA_Practice_Git_TC" classname="Test Cases/tc_0_1_2_ASA_Practice_Git_TC" status="PASSED">
            <system-out>2019-11-18 09:48:01 - [TEST_CASE][PASSED] - Test Cases/tc_0_1_2_ASA_Practice_Git_TC: Test Cases/tc_0_1_2_ASA_Practice_Git_TC&#xD;
&#xD;
2019-11-18 09:48:01 - [TEST_STEP][PASSED] - openBrowser(""): Browser is opened with url: ''&#xD;
&#xD;
2019-11-18 09:48:01 - [MESSAGE][INFO] - Starting 'Firefox' driver&#xD;
&#xD;
2019-11-18 09:48:04 - [MESSAGE][PASSED] - Browser is opened with url: ''&#xD;
&#xD;
2019-11-18 09:48:04 - [TEST_STEP][PASSED] - navigateToUrl("https://www.helmes.com/"): Navigate to 'https://www.helmes.com/' successfully&#xD;
&#xD;
2019-11-18 09:48:06 - [MESSAGE][PASSED] - Navigate to 'https://www.helmes.com/' successfully&#xD;
&#xD;
2019-11-18 09:48:06 - [TEST_STEP][PASSED] - closeBrowser(): Browser is closed&#xD;
&#xD;
2019-11-18 09:48:07 - [MESSAGE][PASSED] - Browser is closed</system-out>
            <system-err></system-err>
        </testcase>
        <testcase name="Test Cases/tc_0_1_3_ASA_Practice_Git_TC" classname="Test Cases/tc_0_1_3_ASA_Practice_Git_TC" status="PASSED">
            <system-out>2019-11-18 09:48:07 - [TEST_CASE][PASSED] - Test Cases/tc_0_1_3_ASA_Practice_Git_TC: Test Cases/tc_0_1_3_ASA_Practice_Git_TC&#xD;
&#xD;
2019-11-18 09:48:08 - [TEST_STEP][PASSED] - openBrowser(""): Browser is opened with url: ''&#xD;
&#xD;
2019-11-18 09:48:08 - [MESSAGE][INFO] - Starting 'Firefox' driver&#xD;
&#xD;
2019-11-18 09:48:10 - [MESSAGE][PASSED] - Browser is opened with url: ''&#xD;
&#xD;
2019-11-18 09:48:10 - [TEST_STEP][PASSED] - navigateToUrl("https://home.kuehne-nagel.com/?no_mobile=1"): Navigate to 'https://home.kuehne-nagel.com/?no_mobile=1' successfully&#xD;
&#xD;
2019-11-18 09:48:19 - [MESSAGE][PASSED] - Navigate to 'https://home.kuehne-nagel.com/?no_mobile=1' successfully&#xD;
&#xD;
2019-11-18 09:48:19 - [TEST_STEP][PASSED] - closeBrowser(): Browser is closed&#xD;
&#xD;
2019-11-18 09:48:19 - [MESSAGE][PASSED] - Browser is closed</system-out>
            <system-err></system-err>
        </testcase>
        <system-out>2019-11-18 09:47:53 - [TEST_SUITE][INCOMPLETE] - Practice_Test_Suite_Git_1: null</system-out>
        <system-err>2019-11-18 09:47:53 - [TEST_SUITE][INCOMPLETE] - Practice_Test_Suite_Git_1: null</system-err>
    </testsuite>
</testsuites>
