<?xml version="1.0" encoding="UTF-8" standalone="yes"?>
<testsuites name="Practice_Test_Suite_Git_1" time="18" tests="3" failures="0" errors="0">
    <testsuite name="Practice_Test_Suite_Git_1" tests="3" failures="0" errors="0" time="18" timestamp="2019-07-27 12:03:11" hostname="DESKTOP-66LKLS4$ - 192.168.3.67" id="Test Suites/Practice_Test_Suite_Git_1">
        <properties>
            <property name="deviceName" value=""/>
            <property name="devicePlatform" value=""/>
            <property name="logFolder" value="C:\\Users\\Silvester\\git\\ASA_Katalon_Practice_Repo_1\\Reports\\Practice_Test_Suite_Git_1\\20190727_120309"/>
            <property name="logFiles" value="C:\\Users\\Silvester\\git\\ASA_Katalon_Practice_Repo_1\\Reports\\Practice_Test_Suite_Git_1\\20190727_120309\\execution0.log"/>
            <property name="attachments" value=""/>
            <property name="hostName" value="DESKTOP-66LKLS4$ - 192.168.3.67"/>
            <property name="os" value="Windows 10 64bit"/>
            <property name="katalonVersion" value="6.2.1.2"/>
            <property name="browser" value="Firefox 68.0"/>
            <property name="hostAddress" value="192.168.3.67"/>
            <property name="sessionId" value="18377fc1-9a5e-404a-b8e4-0f7e7cd7ffe7"/>
            <property name="seleniumVersion" value="3.141.59"/>
            <property name="proxyInformation" value="ProxyInformation{proxyOption=NO_PROXY, proxyServerType=HTTP, password=, proxyServerAddress=, proxyServerPort=0}"/>
            <property name="platform" value="Windows 10"/>
        </properties>
        <testcase name="Test Cases/tc_0_1_1_ASA_Practice_Git_TC" classname="Test Cases/tc_0_1_1_ASA_Practice_Git_TC" status="PASSED">
            <system-out>2019-07-27 12:03:11 - [TEST_CASE][PASSED] - Test Cases/tc_0_1_1_ASA_Practice_Git_TC: Test Cases/tc_0_1_1_ASA_Practice_Git_TC&#xD;
&#xD;
2019-07-27 12:03:11 - [TEST_STEP][PASSED] - openBrowser(""): Browser is opened with url: ''&#xD;
&#xD;
2019-07-27 12:03:12 - [MESSAGE][INFO] - Starting 'Firefox' driver&#xD;
&#xD;
2019-07-27 12:03:12 - [MESSAGE][INFO] - Action delay is set to 0 seconds&#xD;
&#xD;
2019-07-27 12:03:15 - [MESSAGE][PASSED] - Browser is opened with url: ''&#xD;
&#xD;
2019-07-27 12:03:15 - [TEST_STEP][PASSED] - navigateToUrl("https://www.asaquality.ee/"): Navigate to 'https://www.asaquality.ee/' successfully&#xD;
&#xD;
2019-07-27 12:03:17 - [MESSAGE][PASSED] - Navigate to 'https://www.asaquality.ee/' successfully&#xD;
&#xD;
2019-07-27 12:03:17 - [TEST_STEP][PASSED] - closeBrowser(): Browser is closed&#xD;
&#xD;
2019-07-27 12:03:18 - [MESSAGE][PASSED] - Browser is closed</system-out>
            <system-err></system-err>
        </testcase>
        <testcase name="Test Cases/tc_0_1_2_ASA_Practice_Git_TC" classname="Test Cases/tc_0_1_2_ASA_Practice_Git_TC" status="PASSED">
            <system-out>2019-07-27 12:03:18 - [TEST_CASE][PASSED] - Test Cases/tc_0_1_2_ASA_Practice_Git_TC: Test Cases/tc_0_1_2_ASA_Practice_Git_TC&#xD;
&#xD;
2019-07-27 12:03:18 - [TEST_STEP][PASSED] - openBrowser(""): Browser is opened with url: ''&#xD;
&#xD;
2019-07-27 12:03:18 - [MESSAGE][INFO] - Starting 'Firefox' driver&#xD;
&#xD;
2019-07-27 12:03:21 - [MESSAGE][PASSED] - Browser is opened with url: ''&#xD;
&#xD;
2019-07-27 12:03:21 - [TEST_STEP][PASSED] - navigateToUrl("https://www.helmes.com/"): Navigate to 'https://www.helmes.com/' successfully&#xD;
&#xD;
2019-07-27 12:03:22 - [MESSAGE][PASSED] - Navigate to 'https://www.helmes.com/' successfully&#xD;
&#xD;
2019-07-27 12:03:22 - [TEST_STEP][PASSED] - closeBrowser(): Browser is closed&#xD;
&#xD;
2019-07-27 12:03:23 - [MESSAGE][PASSED] - Browser is closed</system-out>
            <system-err></system-err>
        </testcase>
        <testcase name="Test Cases/tc_0_1_3_ASA_Practice_Git_TC" classname="Test Cases/tc_0_1_3_ASA_Practice_Git_TC" status="PASSED">
            <system-out>2019-07-27 12:03:23 - [TEST_CASE][PASSED] - Test Cases/tc_0_1_3_ASA_Practice_Git_TC: Test Cases/tc_0_1_3_ASA_Practice_Git_TC&#xD;
&#xD;
2019-07-27 12:03:23 - [TEST_STEP][PASSED] - openBrowser(""): Browser is opened with url: ''&#xD;
&#xD;
2019-07-27 12:03:23 - [MESSAGE][INFO] - Starting 'Firefox' driver&#xD;
&#xD;
2019-07-27 12:03:25 - [MESSAGE][PASSED] - Browser is opened with url: ''&#xD;
&#xD;
2019-07-27 12:03:25 - [TEST_STEP][PASSED] - navigateToUrl("https://home.kuehne-nagel.com/?no_mobile=1"): Navigate to 'https://home.kuehne-nagel.com/?no_mobile=1' successfully&#xD;
&#xD;
2019-07-27 12:03:28 - [MESSAGE][PASSED] - Navigate to 'https://home.kuehne-nagel.com/?no_mobile=1' successfully&#xD;
&#xD;
2019-07-27 12:03:28 - [TEST_STEP][PASSED] - closeBrowser(): Browser is closed&#xD;
&#xD;
2019-07-27 12:03:29 - [MESSAGE][PASSED] - Browser is closed</system-out>
            <system-err></system-err>
        </testcase>
        <system-out>2019-07-27 12:03:11 - [TEST_SUITE][INCOMPLETE] - Practice_Test_Suite_Git_1: null</system-out>
        <system-err>2019-07-27 12:03:11 - [TEST_SUITE][INCOMPLETE] - Practice_Test_Suite_Git_1: null</system-err>
    </testsuite>
</testsuites>
